{"total": {"lines":{"total":145,"covered":141,"skipped":0,"pct":97.24},"statements":{"total":165,"covered":155,"skipped":0,"pct":93.93},"functions":{"total":71,"covered":64,"skipped":0,"pct":90.14},"branches":{"total":102,"covered":83,"skipped":0,"pct":81.37},"branchesTrue":{"total":0,"covered":0,"skipped":0,"pct":100}}
,"/Users/giorgio/repo/ai/bmad-todo/frontend/src/App.tsx": {"lines":{"total":131,"covered":129,"skipped":0,"pct":98.47},"functions":{"total":65,"covered":59,"skipped":0,"pct":90.76},"statements":{"total":150,"covered":142,"skipped":0,"pct":94.66},"branches":{"total":96,"covered":77,"skipped":0,"pct":80.2}}
,"/Users/giorgio/repo/ai/bmad-todo/frontend/src/components/ui/Toaster.tsx": {"lines":{"total":3,"covered":3,"skipped":0,"pct":100},"functions":{"total":2,"covered":2,"skipped":0,"pct":100},"statements":{"total":4,"covered":4,"skipped":0,"pct":100},"branches":{"total":2,"covered":2,"skipped":0,"pct":100}}
,"/Users/giorgio/repo/ai/bmad-todo/frontend/src/mocks/handlers.ts": {"lines":{"total":10,"covered":8,"skipped":0,"pct":80},"functions":{"total":4,"covered":3,"skipped":0,"pct":75},"statements":{"total":10,"covered":8,"skipped":0,"pct":80},"branches":{"total":4,"covered":4,"skipped":0,"pct":100}}
,"/Users/giorgio/repo/ai/bmad-todo/frontend/src/mocks/server.ts": {"lines":{"total":1,"covered":1,"skipped":0,"pct":100},"functions":{"total":0,"covered":0,"skipped":0,"pct":100},"statements":{"total":1,"covered":1,"skipped":0,"pct":100},"branches":{"total":0,"covered":0,"skipped":0,"pct":100}}
}
