{"total": {"lines":{"total":132,"covered":3,"skipped":0,"pct":2.27},"statements":{"total":152,"covered":4,"skipped":0,"pct":2.63},"functions":{"total":67,"covered":2,"skipped":0,"pct":2.98},"branches":{"total":96,"covered":2,"skipped":0,"pct":2.08},"branchesTrue":{"total":0,"covered":0,"skipped":0,"pct":100}}
,"/Users/giorgio/repo/ai/bmad-todo/frontend/src/App.tsx": {"lines":{"total":129,"covered":0,"skipped":0,"pct":0},"functions":{"total":65,"covered":0,"skipped":0,"pct":0},"statements":{"total":148,"covered":0,"skipped":0,"pct":0},"branches":{"total":94,"covered":0,"skipped":0,"pct":0}}
,"/Users/giorgio/repo/ai/bmad-todo/frontend/src/components/ui/Toaster.tsx": {"lines":{"total":3,"covered":3,"skipped":0,"pct":100},"functions":{"total":2,"covered":2,"skipped":0,"pct":100},"statements":{"total":4,"covered":4,"skipped":0,"pct":100},"branches":{"total":2,"covered":2,"skipped":0,"pct":100}}
}
